15:46:04 **** インクリメンタル・ビルド of configuration Debug for project bekijo ****
make all 
Building file: ../bekijo.c
Invoking: GCC C Compiler
gcc -O0 -g3 -Wall -c -fmessage-length=0 -MMD -MP -MF"bekijo.d" -MT"bekijo.d" -o "bekijo.o" "../bekijo.c"
../bekijo.c: In function ‘main’:
../bekijo.c:14:2: warning: implicit declaration of function ‘sum’ [-Wimplicit-function-declaration]
  count = sum(kisuu,sisuu);
  ^
../bekijo.c:15:2: warning: implicit declaration of function ‘printf’ [-Wimplicit-function-declaration]
  printf("%d",count);
  ^
../bekijo.c:15:2: warning: incompatible implicit declaration of built-in function ‘printf’ [enabled by default]
../bekijo.c: In function ‘sum’:
../bekijo.c:20:3: warning: incompatible implicit declaration of built-in function ‘printf’ [enabled by default]
   printf("%d\r\n",sisuu);
   ^
../bekijo.c: In function ‘main’:
../bekijo.c:16:1: warning: control reaches end of non-void function [-Wreturn-type]
 }
 ^
Finished building: ../bekijo.c
 
Building target: bekijo
Invoking: GCC C Linker
gcc  -o "bekijo"  ./bekijo.o   
Finished building target: bekijo
 

15:46:05 Build Finished (took 644ms)

