16:44:33 **** インクリメンタル・ビルド of configuration Debug for project malloc ****
make all 
Building file: ../malloc.c
Invoking: GCC C Compiler
gcc -O0 -g3 -Wall -c -fmessage-length=0 -MMD -MP -MF"malloc.d" -MT"malloc.d" -o "malloc.o" "../malloc.c"
../malloc.c: In function ‘main’:
../malloc.c:15:2: warning: implicit declaration of function ‘malloc’ [-Wimplicit-function-declaration]
  int *a = malloc(sizeof(int));
  ^
../malloc.c:15:11: warning: incompatible implicit declaration of built-in function ‘malloc’ [enabled by default]
  int *a = malloc(sizeof(int));
           ^
../malloc.c:18:2: warning: implicit declaration of function ‘printf’ [-Wimplicit-function-declaration]
  printf("%d",a);
  ^
../malloc.c:18:2: warning: incompatible implicit declaration of built-in function ‘printf’ [enabled by default]
../malloc.c:18:2: warning: format ‘%d’ expects argument of type ‘int’, but argument 2 has type ‘int *’ [-Wformat=]
../malloc.c:19:2: warning: implicit declaration of function ‘free’ [-Wimplicit-function-declaration]
  free(a);
  ^
../malloc.c:19:2: warning: incompatible implicit declaration of built-in function ‘free’ [enabled by default]
../malloc.c:20:1: warning: control reaches end of non-void function [-Wreturn-type]
 }
 ^
Finished building: ../malloc.c
 
Building target: malloc
Invoking: GCC C Linker
gcc  -o "malloc"  ./malloc.o   
Finished building target: malloc
 

16:44:33 Build Finished (took 590ms)

