18:13:13 **** インクリメンタル・ビルド of configuration Debug for project posit ****
make all 
Building file: ../posit.c
Invoking: GCC C Compiler
gcc -O0 -g3 -Wall -c -fmessage-length=0 -MMD -MP -MF"posit.d" -MT"posit.d" -o "posit.o" "../posit.c"
../posit.c: In function ‘main’:
../posit.c:25:2: warning: implicit declaration of function ‘printf’ [-Wimplicit-function-declaration]
  printf("%d",c->x);
  ^
../posit.c:25:2: warning: incompatible implicit declaration of built-in function ‘printf’ [enabled by default]
../posit.c:16:8: warning: variable ‘tyutenx’ set but not used [-Wunused-but-set-variable]
  Posit tyutenx;
        ^
../posit.c:28:1: warning: control reaches end of non-void function [-Wreturn-type]
 }
 ^
Finished building: ../posit.c
 
Building target: posit
Invoking: GCC C Linker
gcc  -o "posit"  ./posit.o   
Finished building target: posit
 

18:13:13 Build Finished (took 487ms)

