16:47:36 **** インクリメンタル・ビルド of configuration Debug for project ProjectC ****
make all 
Building file: ../src/ProjectC.c
Invoking: GCC C Compiler
gcc -O0 -g3 -Wall -c -fmessage-length=0 -MMD -MP -MF"src/ProjectC.d" -MT"src/ProjectC.d" -o "src/ProjectC.o" "../src/ProjectC.c"
../src/ProjectC.c: In function ‘main’:
../src/ProjectC.c:24:2: warning: implicit declaration of function ‘count’ [-Wimplicit-function-declaration]
  sum = count(begin,end);
  ^
../src/ProjectC.c:26:2: warning: implicit declaration of function ‘intMax’ [-Wimplicit-function-declaration]
  maxValue = intMax(16,10,20);
  ^
../src/ProjectC.c:18:6: warning: variable ‘maxValue’ set but not used [-Wunused-but-set-variable]
  int maxValue = 0;
      ^
../src/ProjectC.c:17:6: warning: variable ‘sum’ set but not used [-Wunused-but-set-variable]
  int sum = 0;
      ^
../src/ProjectC.c: In function ‘count’:
../src/ProjectC.c:42:3: warning: statement with no effect [-Wunused-value]
   for (begin;begin <= end ; begin++){
   ^
Finished building: ../src/ProjectC.c
 
Building target: ProjectC
Invoking: GCC C Linker
gcc  -o "ProjectC"  ./src/ProjectC.o   
Finished building target: ProjectC
 

16:47:37 Build Finished (took 1s.182ms)

